{"name":"TC001 - Search for Query and Assert that the link of the first result matches the expected text","status":"failed","statusDetails":{"known":false,"muted":false,"flaky":false,"message":"AssertElementAttribute FAILED; Expected [Value Should be 'What is Selenium WebDriver?' for the 'Text' attribute, element locator 'By.xpath: //*[@id=\"rso\"]/div[4]//a/h3'] and Actual [WebDriver :: Documentation for Selenium]. Comparison Type [CONTAINS]. Validation Type [POSITIVE].","trace":"java.lang.AssertionError: AssertElementAttribute FAILED; Expected [Value Should be 'What is Selenium WebDriver?' for the 'Text' attribute, element locator 'By.xpath: //*[@id=\"rso\"]/div[4]//a/h3'] and Actual [WebDriver :: Documentation for Selenium]. Comparison Type [CONTAINS]. Validation Type [POSITIVE].\r\n\tat org.testng.Assert.fail(Assert.java:97)\r\n\tat com.shaft.validation.ValidationActions.reportValidationState(ValidationActions.java:183)\r\n\tat com.shaft.validation.ValidationActions.fail(ValidationActions.java:79)\r\n\tat com.shaft.validation.ValidationActions.reportValidationResultOfElementAttribute(ValidationActions.java:654)\r\n\tat com.shaft.validation.ValidationActions.validateElementAttribute(ValidationActions.java:378)\r\n\tat com.shaft.validation.Assertions.assertElementAttribute(Assertions.java:156)\r\n\tat gui.google.GoogleSearchResultsPage.assertResultLinkForSpecificResultIndex(GoogleSearchResultsPage.java:25)\r\n\tat tests.guitests.GoogleSearchTests.searchForDataAndAssertTextOfTheThirdResult(GoogleSearchTests.java:49)\r\n\tat java.base/jdk.internal.reflect.NativeMethodAccessorImpl.invoke0(Native Method)\r\n\tat java.base/jdk.internal.reflect.NativeMethodAccessorImpl.invoke(NativeMethodAccessorImpl.java:62)\r\n\tat java.base/jdk.internal.reflect.DelegatingMethodAccessorImpl.invoke(DelegatingMethodAccessorImpl.java:43)\r\n\tat java.base/java.lang.reflect.Method.invoke(Method.java:567)\r\n\tat org.testng.internal.MethodInvocationHelper.invokeMethod(MethodInvocationHelper.java:133)\r\n\tat org.testng.internal.TestInvoker.invokeMethod(TestInvoker.java:584)\r\n\tat org.testng.internal.TestInvoker.invokeTestMethod(TestInvoker.java:172)\r\n\tat org.testng.internal.MethodRunner.runInSequence(MethodRunner.java:46)\r\n\tat org.testng.internal.TestInvoker$MethodInvocationAgent.invoke(TestInvoker.java:804)\r\n\tat org.testng.internal.TestInvoker.invokeTestMethods(TestInvoker.java:145)\r\n\tat org.testng.internal.TestMethodWorker.invokeTestMethods(TestMethodWorker.java:146)\r\n\tat org.testng.internal.TestMethodWorker.run(TestMethodWorker.java:128)\r\n\tat java.base/java.util.ArrayList.forEach(ArrayList.java:1507)\r\n\tat org.testng.TestRunner.privateRun(TestRunner.java:770)\r\n\tat org.testng.TestRunner.run(TestRunner.java:591)\r\n\tat org.testng.SuiteRunner.runTest(SuiteRunner.java:402)\r\n\tat org.testng.SuiteRunner.runSequentially(SuiteRunner.java:396)\r\n\tat org.testng.SuiteRunner.privateRun(SuiteRunner.java:355)\r\n\tat org.testng.SuiteRunner.run(SuiteRunner.java:304)\r\n\tat org.testng.SuiteRunnerWorker.runSuite(SuiteRunnerWorker.java:53)\r\n\tat org.testng.SuiteRunnerWorker.run(SuiteRunnerWorker.java:96)\r\n\tat org.testng.TestNG.runSuitesSequentially(TestNG.java:1180)\r\n\tat org.testng.TestNG.runSuitesLocally(TestNG.java:1102)\r\n\tat org.testng.TestNG.runSuites(TestNG.java:1032)\r\n\tat org.testng.TestNG.run(TestNG.java:1000)\r\n\tat com.intellij.rt.testng.IDEARemoteTestNG.run(IDEARemoteTestNG.java:66)\r\n\tat com.intellij.rt.testng.RemoteTestNGStarter.main(RemoteTestNGStarter.java:110)\r\n"},"stage":"finished","description":"Given I am on the home page, When I search for the second query, Then the link of the first result will match the expected text.","steps":[{"name":"Action [28]: Element Action [type] successfully performed. With the following test data [selenium webdriver].","status":"passed","stage":"finished","steps":[],"attachments":[],"parameters":[{"name":"logText","value":"Element Action [type] successfully performed. With the following test data [selenium webdriver]."},{"name":"actionCounter","value":"28"}],"start":1590071431302,"stop":1590071431302},{"name":"Action [29]: Element Action [keyPress] successfully performed. With the following test data [ENTER].","status":"passed","stage":"finished","steps":[],"attachments":[],"parameters":[{"name":"logText","value":"Element Action [keyPress] successfully performed. With the following test data [ENTER]."},{"name":"actionCounter","value":"29"}],"start":1590071434718,"stop":1590071434718},{"name":"Action [30]: AssertElementAttribute FAILED; Expected [Value Should be 'What is Selenium WebDriver?' for the 'Text' attribute, element locator 'By.xpath: //*[@id=\"rso\"]/div[4]//a/h3'] and Actual [WebDriver :: Documentation for Selenium]. Comparison Type [CONTAINS]. Validation Type [POSITIVE].","status":"passed","stage":"finished","steps":[],"attachments":[{"name":"Attachment: Screenshot - 1590071437018_searchForDataAndAssertTextOfTheThirdResult_AssertElementAttribute_failed","source":"a55b7775-3f6f-4ac1-aea7-fbd278dbe22c-attachment.png","type":"image/png"}],"parameters":[{"name":"logText","value":"AssertElementAttribute FAILED; Expected [Value Should be 'What is Selenium WebDriver?' for the 'Text' attribute, element locator 'By.xpath: //*[@id=\"rso\"]/div[4]//a/h3'] and Actual [WebDriver :: Documentation for Selenium]. Comparison Type [CONTAINS]. Validation Type [POSITIVE]."},{"name":"actionCounter","value":"30"},{"name":"attachments","value":"[[Screenshot, 1590071437018_searchForDataAndAssertTextOfTheThirdResult_AssertElementAttribute_failed, java.io.ByteArrayInputStream@2267b0bb]]"}],"start":1590071438355,"stop":1590071438356}],"attachments":[{"name":"Attachment: Animated Gif - searchForDataAndAssertTextOfTheThirdResult","source":"25b38510-c6b6-45e4-ae82-6c2032e13365-attachment.gif","type":"image/gif"},{"name":"Attachment: SHAFT Engine Logs - Current Method log: searchForDataAndAssertTextOfTheThirdResult","source":"f2f11e62-d239-47b8-ac65-c5384c917800-attachment.txt","type":"text/plain"}],"parameters":[],"start":1590071428697,"stop":1590071438380,"uuid":"764c6d67-1da2-43f8-b47d-739535b19865","historyId":"9c34af8c4da0731ad07f22a559d1e564","fullName":"tests.guitests.GoogleSearchTests.searchForDataAndAssertTextOfTheThirdResult","labels":[{"name":"package","value":"tests.guitests.GoogleSearchTests"},{"name":"testClass","value":"tests.guitests.GoogleSearchTests"},{"name":"testMethod","value":"searchForDataAndAssertTextOfTheThirdResult"},{"name":"parentSuite","value":"SHAFT_Engine: Sample Test Suite"},{"name":"suite","value":"SHAFT_Engine: GUI Test"},{"name":"subSuite","value":"tests.guitests.GoogleSearchTests"},{"name":"host","value":"DESKTOP-MD6OCJG"},{"name":"thread","value":"18484@DESKTOP-MD6OCJG.main(1)"},{"name":"framework","value":"testng"},{"name":"language","value":"java"}],"links":[]}